<?xml version="1.0" encoding="utf-8"?><testsuites><testsuite name="pytest" errors="0" failures="0" skipped="0" tests="2" time="0.935" timestamp="2025-01-06T07:46:15.523540" hostname="2990d21fc5da"><testcase classname="tests.test_prediction" name="test_single_pred_not_none" time="0.014" /><testcase classname="tests.test_prediction" name="test_single_pred_str_type" time="0.010" /></testsuite></testsuites>